<?xml version="1.0" encoding="UTF-8"?>
<!-- Generated by org.testng.reporters.JUnitXMLReporter -->
<testsuite ignored="4" hostname="DESKTOP-QNI6T8J" failures="0" tests="1" name="Default test" time="9.538" errors="0" timestamp="2023-09-10T21:00:18 IST">
  <testcase classname="test.PlaceOrderTest" name="verifyIfCustomerIsAbleToLoginAndAddproductToCart" time="1.26"/>
  <testcase classname="test.PlaceOrderTest" name="loginWithProperUsenameAndPassword" time="0.0">
    <ignored/>
  </testcase> <!-- loginWithProperUsenameAndPassword -->
  <testcase classname="test.PlaceOrderTest" name="verifyIfUserAbleToLogOut" time="0.0">
    <ignored/>
  </testcase> <!-- verifyIfUserAbleToLogOut -->
  <testcase classname="test.PlaceOrderTest" name="verifyIfCustomerIsAbleToAddProductFromDisplayPage" time="0.0">
    <ignored/>
  </testcase> <!-- verifyIfCustomerIsAbleToAddProductFromDisplayPage -->
  <testcase classname="test.PlaceOrderTest" name="verifyIfCustomerIsAbleToFillCheckoutInfo" time="0.0">
    <ignored/>
  </testcase> <!-- verifyIfCustomerIsAbleToFillCheckoutInfo -->
</testsuite> <!-- Default test -->
