<?xml version="1.0" encoding="UTF-8"?>
<testng-results ignored="0" total="1" passed="1" failed="0" skipped="0">
  <reporter-output>
  </reporter-output>
  <suite started-at="2023-09-10T21:00:09 IST" name="Default suite" finished-at="2023-09-10T21:00:18 IST" duration-ms="9538">
    <groups>
    </groups>
    <test started-at="2023-09-10T21:00:09 IST" name="Default test" finished-at="2023-09-10T21:00:18 IST" duration-ms="9538">
      <class name="test.PlaceOrderTest">
        <test-method is-config="true" signature="openBrowser()[pri:0, instance:test.PlaceOrderTest@36fc695d]" started-at="2023-09-10T21:00:09 IST" name="openBrowser" finished-at="2023-09-10T21:00:17 IST" duration-ms="8192" status="PASS">
          <reporter-output>
          </reporter-output>
        </test-method> <!-- openBrowser -->
        <test-method signature="verifyIfCustomerIsAbleToLoginAndAddproductToCart()[pri:2, instance:test.PlaceOrderTest@36fc695d]" started-at="2023-09-10T21:00:17 IST" name="verifyIfCustomerIsAbleToLoginAndAddproductToCart" finished-at="2023-09-10T21:00:18 IST" duration-ms="1260" status="PASS">
          <reporter-output>
          </reporter-output>
        </test-method> <!-- verifyIfCustomerIsAbleToLoginAndAddproductToCart -->
      </class> <!-- test.PlaceOrderTest -->
    </test> <!-- Default test -->
  </suite> <!-- Default suite -->
</testng-results>
