<?xml version="1.0" encoding="UTF-8"?>
<testng-results ignored="0" total="1" passed="1" failed="0" skipped="0">
  <reporter-output>
  </reporter-output>
  <suite started-at="2023-09-09T21:02:33 IST" name="Default suite" finished-at="2023-09-09T21:02:42 IST" duration-ms="9409">
    <groups>
    </groups>
    <test started-at="2023-09-09T21:02:33 IST" name="Default test" finished-at="2023-09-09T21:02:42 IST" duration-ms="9409">
      <class name="test.PlaceOrderTest">
        <test-method is-config="true" signature="openBrowser()[pri:0, instance:test.PlaceOrderTest@51399530]" started-at="2023-09-09T21:02:33 IST" name="openBrowser" finished-at="2023-09-09T21:02:40 IST" duration-ms="7450" status="PASS">
          <reporter-output>
          </reporter-output>
        </test-method> <!-- openBrowser -->
        <test-method signature="verifyIfCustomerIsAbleToLoginAndAddproductToCart()[pri:0, instance:test.PlaceOrderTest@51399530]" started-at="2023-09-09T21:02:40 IST" name="verifyIfCustomerIsAbleToLoginAndAddproductToCart" finished-at="2023-09-09T21:02:42 IST" duration-ms="1845" status="PASS">
          <reporter-output>
          </reporter-output>
        </test-method> <!-- verifyIfCustomerIsAbleToLoginAndAddproductToCart -->
      </class> <!-- test.PlaceOrderTest -->
    </test> <!-- Default test -->
  </suite> <!-- Default suite -->
</testng-results>
